0 silly argv {
0 silly argv   _: [ 'create' ],
0 silly argv   lernaVersion: '3.22.1',
0 silly argv   '$0': 'lerna',
0 silly argv   name: '@handyui/handy-ui'
0 silly argv }
1 notice cli v3.22.1
2 verbose rootPath /Users/Shinancao/Documents/workplace/handy-ui
3 info versioning independent
4 warn ENOREMOTE No git remote found, skipping repository property
5 error Error: canceled
5 error     at Interface.<anonymous> (/usr/local/lib/node_modules/lerna/node_modules/read/lib/read.js:66:13)
5 error     at Interface.emit (events.js:315:20)
5 error     at Interface._ttyWrite (readline.js:866:16)
5 error     at ReadStream.onkeypress (readline.js:205:10)
5 error     at ReadStream.emit (events.js:315:20)
5 error     at emitKeys (internal/readline/utils.js:335:14)
5 error     at emitKeys.next (<anonymous>)
5 error     at ReadStream.onData (readline.js:1133:36)
5 error     at ReadStream.emit (events.js:315:20)
5 error     at addChunk (_stream_readable.js:295:12)
5 error     at readableAddChunk (_stream_readable.js:271:9)
5 error     at ReadStream.Readable.push (_stream_readable.js:212:10)
